{"level":"info","message":"Connected to Mongodb"}
{"level":"info","message":"Connected, server listening on port 3000"}
{"level":"info","message":"Connected to Mongodb"}
{"level":"info","message":"Connected, server listening on port 3000"}
{"level":"info","message":"Connected to Mongodb"}
{"level":"info","message":"Connected, server listening on port 3000"}
{"level":"info","message":"Connected to Mongodb"}
{"level":"info","message":"Connected, server listening on port 3000"}
{"level":"info","message":"Connected to Mongodb"}
{"level":"info","message":"Connected, server listening on port 3000"}
{"level":"info","message":"Connected to Mongodb"}
{"level":"info","message":"Connected, server listening on port 3000"}
{"level":"info","message":"Connected to Mongodb"}
{"level":"info","message":"Connected, server listening on port 3000"}
{"level":"info","message":"Connected to Mongodb"}
{"level":"info","message":"Connected, server listening on port 3000"}
{"level":"info","message":"Connected to Mongodb"}
{"level":"info","message":"Connected, server listening on port 3000"}
{"level":"info","message":"Connected to Mongodb"}
{"level":"info","message":"Connected, server listening on port 3000"}
{"level":"info","message":"Connected to Mongodb"}
{"level":"info","message":"Connected, server listening on port 3000"}
{"level":"info","message":"Connected to Mongodb"}
{"level":"info","message":"Connected, server listening on port 3000"}
{"level":"error","message":"Cannot read properties of undefined (reading '0') Cannot read properties of undefined (reading '0')","stack":"TypeError: Cannot read properties of undefined (reading '0')\n    at C:\\Users\\USER\\Desktop\\sold\\server\\routes\\signup.js:10:52\n    at Layer.handle [as handle_request] (C:\\Users\\USER\\Desktop\\sold\\node_modules\\express\\lib\\router\\layer.js:95:5)\n    at next (C:\\Users\\USER\\Desktop\\sold\\node_modules\\express\\lib\\router\\route.js:144:13)\n    at Route.dispatch (C:\\Users\\USER\\Desktop\\sold\\node_modules\\express\\lib\\router\\route.js:114:3)\n    at Layer.handle [as handle_request] (C:\\Users\\USER\\Desktop\\sold\\node_modules\\express\\lib\\router\\layer.js:95:5)\n    at C:\\Users\\USER\\Desktop\\sold\\node_modules\\express\\lib\\router\\index.js:284:15\n    at Function.process_params (C:\\Users\\USER\\Desktop\\sold\\node_modules\\express\\lib\\router\\index.js:346:12)\n    at next (C:\\Users\\USER\\Desktop\\sold\\node_modules\\express\\lib\\router\\index.js:280:10)\n    at Function.handle (C:\\Users\\USER\\Desktop\\sold\\node_modules\\express\\lib\\router\\index.js:175:3)\n    at router (C:\\Users\\USER\\Desktop\\sold\\node_modules\\express\\lib\\router\\index.js:47:12)"}
{"level":"info","message":"Connected to Mongodb"}
{"level":"info","message":"Connected, server listening on port 3000"}
{"code":"ERR_HTTP_HEADERS_SENT","level":"error","message":"Cannot set headers after they are sent to the client Cannot set headers after they are sent to the client","stack":"Error [ERR_HTTP_HEADERS_SENT]: Cannot set headers after they are sent to the client\n    at new NodeError (node:internal/errors:387:5)\n    at ServerResponse.setHeader (node:_http_outgoing:603:11)\n    at ServerResponse.header (C:\\Users\\USER\\Desktop\\sold\\node_modules\\express\\lib\\response.js:794:10)\n    at ServerResponse.location (C:\\Users\\USER\\Desktop\\sold\\node_modules\\express\\lib\\response.js:915:15)\n    at ServerResponse.redirect (C:\\Users\\USER\\Desktop\\sold\\node_modules\\express\\lib\\response.js:953:18)\n    at C:\\Users\\USER\\Desktop\\sold\\server\\routes\\signup.js:12:69\n    at Layer.handle [as handle_request] (C:\\Users\\USER\\Desktop\\sold\\node_modules\\express\\lib\\router\\layer.js:95:5)\n    at next (C:\\Users\\USER\\Desktop\\sold\\node_modules\\express\\lib\\router\\route.js:144:13)\n    at Route.dispatch (C:\\Users\\USER\\Desktop\\sold\\node_modules\\express\\lib\\router\\route.js:114:3)\n    at Layer.handle [as handle_request] (C:\\Users\\USER\\Desktop\\sold\\node_modules\\express\\lib\\router\\layer.js:95:5)"}
{"code":"ERR_HTTP_HEADERS_SENT","level":"error","message":"Cannot set headers after they are sent to the client Cannot set headers after they are sent to the client","stack":"Error [ERR_HTTP_HEADERS_SENT]: Cannot set headers after they are sent to the client\n    at new NodeError (node:internal/errors:387:5)\n    at ServerResponse.setHeader (node:_http_outgoing:603:11)\n    at ServerResponse.header (C:\\Users\\USER\\Desktop\\sold\\node_modules\\express\\lib\\response.js:794:10)\n    at ServerResponse.location (C:\\Users\\USER\\Desktop\\sold\\node_modules\\express\\lib\\response.js:915:15)\n    at ServerResponse.redirect (C:\\Users\\USER\\Desktop\\sold\\node_modules\\express\\lib\\response.js:953:18)\n    at C:\\Users\\USER\\Desktop\\sold\\server\\routes\\signup.js:12:69\n    at Layer.handle [as handle_request] (C:\\Users\\USER\\Desktop\\sold\\node_modules\\express\\lib\\router\\layer.js:95:5)\n    at next (C:\\Users\\USER\\Desktop\\sold\\node_modules\\express\\lib\\router\\route.js:144:13)\n    at Route.dispatch (C:\\Users\\USER\\Desktop\\sold\\node_modules\\express\\lib\\router\\route.js:114:3)\n    at Layer.handle [as handle_request] (C:\\Users\\USER\\Desktop\\sold\\node_modules\\express\\lib\\router\\layer.js:95:5)"}
{"level":"info","message":"Connected to Mongodb"}
{"level":"info","message":"Connected, server listening on port 3000"}
{"code":"ERR_HTTP_HEADERS_SENT","level":"error","message":"Cannot set headers after they are sent to the client Cannot set headers after they are sent to the client","stack":"Error [ERR_HTTP_HEADERS_SENT]: Cannot set headers after they are sent to the client\n    at new NodeError (node:internal/errors:387:5)\n    at ServerResponse.setHeader (node:_http_outgoing:603:11)\n    at ServerResponse.header (C:\\Users\\USER\\Desktop\\sold\\node_modules\\express\\lib\\response.js:794:10)\n    at ServerResponse.location (C:\\Users\\USER\\Desktop\\sold\\node_modules\\express\\lib\\response.js:915:15)\n    at ServerResponse.redirect (C:\\Users\\USER\\Desktop\\sold\\node_modules\\express\\lib\\response.js:953:18)\n    at C:\\Users\\USER\\Desktop\\sold\\server\\routes\\signup.js:12:57\n    at Layer.handle [as handle_request] (C:\\Users\\USER\\Desktop\\sold\\node_modules\\express\\lib\\router\\layer.js:95:5)\n    at next (C:\\Users\\USER\\Desktop\\sold\\node_modules\\express\\lib\\router\\route.js:144:13)\n    at Route.dispatch (C:\\Users\\USER\\Desktop\\sold\\node_modules\\express\\lib\\router\\route.js:114:3)\n    at Layer.handle [as handle_request] (C:\\Users\\USER\\Desktop\\sold\\node_modules\\express\\lib\\router\\layer.js:95:5)"}
{"level":"info","message":"Connected to Mongodb"}
{"level":"info","message":"Connected, server listening on port 3000"}
{"code":"ERR_HTTP_HEADERS_SENT","level":"error","message":"Cannot set headers after they are sent to the client Cannot set headers after they are sent to the client","stack":"Error [ERR_HTTP_HEADERS_SENT]: Cannot set headers after they are sent to the client\n    at new NodeError (node:internal/errors:387:5)\n    at ServerResponse.setHeader (node:_http_outgoing:603:11)\n    at ServerResponse.header (C:\\Users\\USER\\Desktop\\sold\\node_modules\\express\\lib\\response.js:794:10)\n    at ServerResponse.location (C:\\Users\\USER\\Desktop\\sold\\node_modules\\express\\lib\\response.js:915:15)\n    at ServerResponse.redirect (C:\\Users\\USER\\Desktop\\sold\\node_modules\\express\\lib\\response.js:953:18)\n    at C:\\Users\\USER\\Desktop\\sold\\server\\routes\\signup.js:12:57\n    at processTicksAndRejections (node:internal/process/task_queues:96:5)"}
{"level":"info","message":"Connected to Mongodb"}
{"level":"info","message":"Connected, server listening on port 3000"}
{"level":"info","message":"Connected to Mongodb"}
{"level":"info","message":"Connected, server listening on port 3000"}
{"level":"info","message":"Connected to Mongodb"}
{"level":"info","message":"Connected, server listening on port 3000"}
{"level":"info","message":"Connected to Mongodb"}
{"level":"info","message":"Connected, server listening on port 3000"}
{"level":"info","message":"Connected to Mongodb"}
{"level":"info","message":"Connected, server listening on port 3000"}
{"level":"info","message":"Connected to Mongodb"}
{"level":"info","message":"Connected, server listening on port 3000"}
{"level":"info","message":"Connected to Mongodb"}
{"level":"info","message":"Connected, server listening on port 3000"}
{"level":"info","message":"Connected to Mongodb"}
{"level":"info","message":"Connected, server listening on port 3000"}
{"level":"info","message":"Connected to Mongodb"}
{"level":"info","message":"Connected, server listening on port 3000"}
{"level":"info","message":"Connected to Mongodb"}
{"level":"info","message":"Connected, server listening on port 3000"}
{"level":"info","message":"Connected to Mongodb"}
{"level":"info","message":"Connected, server listening on port 3000"}
{"level":"info","message":"Connected to Mongodb"}
{"level":"info","message":"Connected, server listening on port 3000"}
{"code":"ERR_HTTP_HEADERS_SENT","level":"error","message":"Cannot set headers after they are sent to the client Cannot set headers after they are sent to the client","stack":"Error [ERR_HTTP_HEADERS_SENT]: Cannot set headers after they are sent to the client\n    at new NodeError (node:internal/errors:387:5)\n    at ServerResponse.setHeader (node:_http_outgoing:603:11)\n    at ServerResponse.header (C:\\Users\\USER\\Desktop\\sold\\node_modules\\express\\lib\\response.js:794:10)\n    at ServerResponse.location (C:\\Users\\USER\\Desktop\\sold\\node_modules\\express\\lib\\response.js:915:15)\n    at ServerResponse.redirect (C:\\Users\\USER\\Desktop\\sold\\node_modules\\express\\lib\\response.js:953:18)\n    at C:\\Users\\USER\\Desktop\\sold\\server\\routes\\signup.js:23:9\n    at processTicksAndRejections (node:internal/process/task_queues:96:5)"}
{"level":"info","message":"Connected to Mongodb"}
{"level":"info","message":"Connected, server listening on port 3000"}
{"level":"info","message":"Connected to Mongodb"}
{"level":"info","message":"Connected, server listening on port 3000"}
{"code":"ERR_HTTP_HEADERS_SENT","level":"error","message":"Cannot set headers after they are sent to the client Cannot set headers after they are sent to the client","stack":"Error [ERR_HTTP_HEADERS_SENT]: Cannot set headers after they are sent to the client\n    at new NodeError (node:internal/errors:387:5)\n    at ServerResponse.setHeader (node:_http_outgoing:603:11)\n    at ServerResponse.header (C:\\Users\\USER\\Desktop\\sold\\node_modules\\express\\lib\\response.js:794:10)\n    at ServerResponse.location (C:\\Users\\USER\\Desktop\\sold\\node_modules\\express\\lib\\response.js:915:15)\n    at ServerResponse.redirect (C:\\Users\\USER\\Desktop\\sold\\node_modules\\express\\lib\\response.js:953:18)\n    at C:\\Users\\USER\\Desktop\\sold\\server\\routes\\signup.js:23:9\n    at processTicksAndRejections (node:internal/process/task_queues:96:5)"}
{"level":"info","message":"Connected to Mongodb"}
{"level":"info","message":"Connected, server listening on port 3000"}
{"level":"info","message":"Connected to Mongodb"}
{"level":"info","message":"Connected, server listening on port 3000"}
{"level":"info","message":"Connected to Mongodb"}
{"level":"info","message":"Connected, server listening on port 3000"}
{"level":"info","message":"Connected to Mongodb"}
{"level":"info","message":"Connected, server listening on port 3000"}
{"level":"info","message":"Connected to Mongodb"}
{"level":"info","message":"Connected, server listening on port 3000"}
{"level":"info","message":"Connected to Mongodb"}
{"level":"info","message":"Connected, server listening on port 3000"}
{"level":"info","message":"Connected to Mongodb"}
{"level":"info","message":"Connected, server listening on port 3000"}
{"level":"info","message":"Connected to Mongodb"}
{"level":"info","message":"Connected, server listening on port 3000"}
{"level":"info","message":"Connected to Mongodb"}
{"level":"info","message":"Connected, server listening on port 3000"}
{"level":"info","message":"Connected to Mongodb"}
{"level":"info","message":"Connected, server listening on port 3000"}
{"level":"info","message":"Connected to Mongodb"}
{"level":"info","message":"Connected, server listening on port 3000"}
{"level":"info","message":"Connected to Mongodb"}
{"level":"info","message":"Connected, server listening on port 3000"}
{"level":"info","message":"Connected to Mongodb"}
{"level":"info","message":"Connected, server listening on port 3000"}
{"level":"info","message":"Connected to Mongodb"}
{"level":"info","message":"Connected, server listening on port 3000"}
{"level":"info","message":"Connected to Mongodb"}
{"level":"info","message":"Connected, server listening on port 3000"}
{"level":"info","message":"Connected to Mongodb"}
{"level":"info","message":"Connected, server listening on port 3000"}
{"level":"info","message":"Connected to Mongodb"}
{"level":"info","message":"Connected, server listening on port 3000"}
{"level":"info","message":"Connected to Mongodb"}
{"level":"info","message":"Connected, server listening on port 3000"}
{"level":"info","message":"Connected to Mongodb"}
{"level":"info","message":"Connected, server listening on port 3000"}
{"code":"ERR_HTTP_HEADERS_SENT","level":"error","message":"Cannot set headers after they are sent to the client Cannot set headers after they are sent to the client","stack":"Error [ERR_HTTP_HEADERS_SENT]: Cannot set headers after they are sent to the client\n    at new NodeError (node:internal/errors:387:5)\n    at ServerResponse.setHeader (node:_http_outgoing:603:11)\n    at ServerResponse.header (C:\\Users\\USER\\Desktop\\sold\\node_modules\\express\\lib\\response.js:794:10)\n    at ServerResponse.location (C:\\Users\\USER\\Desktop\\sold\\node_modules\\express\\lib\\response.js:915:15)\n    at ServerResponse.redirect (C:\\Users\\USER\\Desktop\\sold\\node_modules\\express\\lib\\response.js:953:18)\n    at C:\\Users\\USER\\Desktop\\sold\\server\\routes\\signup.js:21:9\n    at processTicksAndRejections (node:internal/process/task_queues:96:5)"}
{"level":"info","message":"Connected to Mongodb"}
{"level":"info","message":"Connected, server listening on port 3000"}
